
  You can now view your Streamlit app in your browser.

  Local URL: http://localhost:8501
  Network URL: http://172.18.0.1:8501
  External URL: http://37.252.10.104:8501

2025-12-29 13:16:06.576 Uncaught app execution
Traceback (most recent call last):
  File "C:\Faraatar-TID_Apps\okr\streamlit_app\venv\Lib\site-packages\streamlit\runtime\scriptrunner\exec_code.py", line 129, in exec_func_with_error_handling
    result = func()
  File "C:\Faraatar-TID_Apps\okr\streamlit_app\venv\Lib\site-packages\streamlit\runtime\scriptrunner\script_runner.py", line 671, in code_to_exec
    exec(code, module.__dict__)  # noqa: S102
    ~~~~^^^^^^^^^^^^^^^^^^^^^^^
  File "C:\Faraatar-TID_Apps\okr\streamlit_app\app.py", line 2837, in <module>
    main()
    ~~~~^^
  File "C:\Faraatar-TID_Apps\okr\streamlit_app\app.py", line 2827, in main
    sync_service.restore_to_local_db()
    ~~~~~~~~~~~~~~~~~~~~~~~~~~~~~~~~^^
  File "C:\Faraatar-TID_Apps\okr\streamlit_app\src\services\sheet_sync.py", line 77, in restore_to_local_db
    self.ensure_schema()
    ~~~~~~~~~~~~~~~~~~^^
  File "C:\Faraatar-TID_Apps\okr\streamlit_app\src\services\sheet_sync.py", line 59, in ensure_schema
    existing_titles = [ws.title for ws in self.spreadsheet.worksheets()]
                                          ~~~~~~~~~~~~~~~~~~~~~~~~~~~^^
  File "C:\Faraatar-TID_Apps\okr\streamlit_app\venv\Lib\site-packages\gspread\spreadsheet.py", line 298, in worksheets
    sheet_data = self.fetch_sheet_metadata()
  File "C:\Faraatar-TID_Apps\okr\streamlit_app\venv\Lib\site-packages\gspread\spreadsheet.py", line 230, in fetch_sheet_metadata
    return self.client.fetch_sheet_metadata(self.id, params=params)
           ~~~~~~~~~~~~~~~~~~~~~~~~~~~~~~~~^^^^^^^^^^^^^^^^^^^^^^^^
  File "C:\Faraatar-TID_Apps\okr\streamlit_app\venv\Lib\site-packages\gspread\http_client.py", line 305, in fetch_sheet_metadata
    r = self.request("get", url, params=params)
  File "C:\Faraatar-TID_Apps\okr\streamlit_app\venv\Lib\site-packages\gspread\http_client.py", line 128, in request
    raise APIError(response)
gspread.exceptions.APIError: APIError: [429]: Quota exceeded for quota metric 'Read requests' and limit 'Read requests per minute per user' of service 'sheets.googleapis.com' for consumer 'project_number:1068022511886'.
